<?xml version="1.0" encoding="UTF-8"?>
<!-- Generated by org.testng.reporters.JUnitXMLReporter -->
<testsuite ignored="0" hostname="DESKTOP-F3G8HUD" failures="0" tests="4" name="chrometest" time="105.745" errors="0" timestamp="2020-08-16T16:55:11 CDT">
  <testcase classname="com.nopcommerce.testCases.TC_LoginTest_001" name="loginTest" time="11.359"/>
  <testcase classname="com.nopcommerce.testCases.TC_AddCustomerTest_003" name="addNewCustomer" time="31.419"/>
  <testcase classname="com.nopcommerce.testCases.TC_SearchCustomerByEmail_004" name="searchCustomerbyEmail" time="18.55"/>
  <testcase classname="com.nopcommerce.testCases.TC_SearchCustomerByName_005" name="searchCustomerbyName" time="18.318"/>
</testsuite> <!-- chrometest -->
