<?xml version="1.0" encoding="UTF-8"?>
<testng-results ignored="0" total="1" passed="1" failed="0" skipped="0">
  <reporter-output>
  </reporter-output>
  <suite started-at="2020-08-18T15:48:43 CDT" name="nopCommerce Master Suite" finished-at="2020-08-18T15:49:32 CDT" duration-ms="49533">
    <groups>
    </groups>
    <test started-at="2020-08-18T15:48:43 CDT" name="TC_AddCustomerTest_003" finished-at="2020-08-18T15:49:32 CDT" duration-ms="49533">
      <class name="com.nopcommerce.testCases.TC_AddCustomerTest_003">
        <test-method is-config="true" signature="setup(java.lang.String)[pri:0, instance:com.nopcommerce.testCases.TC_AddCustomerTest_003@38234a38]" started-at="2020-08-18T15:48:43 CDT" name="setup" finished-at="2020-08-18T15:48:53 CDT" duration-ms="10404" status="PASS">
          <params>
            <param index="0">
              <value>
                <![CDATA[chrome]]>
              </value>
            </param>
          </params>
          <reporter-output>
          </reporter-output>
        </test-method> <!-- setup -->
        <test-method signature="addNewCustomer()[pri:0, instance:com.nopcommerce.testCases.TC_AddCustomerTest_003@38234a38]" started-at="2020-08-18T15:48:53 CDT" name="addNewCustomer" finished-at="2020-08-18T15:49:31 CDT" duration-ms="37518" status="PASS">
          <reporter-output>
          </reporter-output>
        </test-method> <!-- addNewCustomer -->
        <test-method is-config="true" signature="teardown()[pri:0, instance:com.nopcommerce.testCases.TC_AddCustomerTest_003@38234a38]" started-at="2020-08-18T15:49:31 CDT" name="teardown" finished-at="2020-08-18T15:49:32 CDT" duration-ms="1323" status="PASS">
          <reporter-output>
          </reporter-output>
        </test-method> <!-- teardown -->
      </class> <!-- com.nopcommerce.testCases.TC_AddCustomerTest_003 -->
    </test> <!-- TC_AddCustomerTest_003 -->
  </suite> <!-- nopCommerce Master Suite -->
</testng-results>
