<?xml version="1.0" encoding="UTF-8"?>
<testsuite xmlns:xsi="http://www.w3.org/2001/XMLSchema-instance" xsi:noNamespaceSchemaLocation="https://maven.apache.org/surefire/maven-surefire-plugin/xsd/surefire-test-report-3.0.xsd" version="3.0" name="TestSuite" time="51.781" tests="4" errors="0" skipped="0" failures="0">
  <properties>
[...]
</properties>
  <testcase name="loginTest" classname="com.nopcommerce.testCases.TC_LoginTest_001" time="12.996"/>
  <testcase name="searchCustomerbyName" classname="com.nopcommerce.testCases.TC_SearchCustomerByName_005" time="21.391"/>
  <testcase name="searchCustomerbyEmail" classname="com.nopcommerce.testCases.TC_SearchCustomerByEmail_004" time="22.282"/>
  <testcase name="addNewCustomer" classname="com.nopcommerce.testCases.TC_AddCustomerTest_003" time="37.423"/>
</testsuite>