<?xml version="1.0" encoding="UTF-8"?>
<testng-results ignored="0" total="1" passed="1" failed="0" skipped="0">
  <reporter-output>
  </reporter-output>
  <suite started-at="2021-02-22T20:36:16 CST" name="nopCommerce Master Suite" finished-at="2021-02-22T20:37:00 CST" duration-ms="44929">
    <groups>
    </groups>
    <test started-at="2021-02-22T20:36:16 CST" name="TC_AddCustomerTest_003" finished-at="2021-02-22T20:37:00 CST" duration-ms="44929">
      <class name="com.nopcommerce.testCases.TC_AddCustomerTest_003">
        <test-method is-config="true" signature="setup(java.lang.String)[pri:0, instance:com.nopcommerce.testCases.TC_AddCustomerTest_003@77d67cf3]" started-at="2021-02-22T20:36:16 CST" name="setup" finished-at="2021-02-22T20:36:27 CST" duration-ms="11640" status="PASS">
          <params>
            <param index="0">
              <value>
                <![CDATA[chrome]]>
              </value>
            </param>
          </params>
          <reporter-output>
          </reporter-output>
        </test-method> <!-- setup -->
        <test-method signature="addNewCustomer()[pri:0, instance:com.nopcommerce.testCases.TC_AddCustomerTest_003@77d67cf3]" started-at="2021-02-22T20:36:27 CST" name="addNewCustomer" finished-at="2021-02-22T20:37:00 CST" duration-ms="32291" status="PASS">
          <reporter-output>
          </reporter-output>
        </test-method> <!-- addNewCustomer -->
        <test-method is-config="true" signature="teardown()[pri:0, instance:com.nopcommerce.testCases.TC_AddCustomerTest_003@77d67cf3]" started-at="2021-02-22T20:37:00 CST" name="teardown" finished-at="2021-02-22T20:37:00 CST" duration-ms="767" status="PASS">
          <reporter-output>
          </reporter-output>
        </test-method> <!-- teardown -->
      </class> <!-- com.nopcommerce.testCases.TC_AddCustomerTest_003 -->
    </test> <!-- TC_AddCustomerTest_003 -->
  </suite> <!-- nopCommerce Master Suite -->
</testng-results>
