<?xml version="1.0" encoding="UTF-8"?>
<!-- Generated by org.testng.reporters.JUnitXMLReporter -->
<testsuite ignored="0" hostname="DESKTOP-F3G8HUD" failures="0" tests="4" name="TC_AddCustomerTest_003" time="44.929" errors="0" timestamp="2021-02-22T20:37:01 CST">
  <testcase classname="com.nopcommerce.testCases.TC_LoginTest_001" name="loginTest" time="11.126"/>
  <testcase classname="com.nopcommerce.testCases.TC_SearchCustomerByEmail_004" name="searchCustomerbyEmail" time="17.845"/>
  <testcase classname="com.nopcommerce.testCases.TC_SearchCustomerByName_005" name="searchCustomerbyName" time="19.018"/>
  <testcase classname="com.nopcommerce.testCases.TC_AddCustomerTest_003" name="addNewCustomer" time="32.291"/>
</testsuite> <!-- TC_AddCustomerTest_003 -->
