<?xml version="1.0" encoding="UTF-8"?>
<!-- Generated by org.testng.reporters.JUnitXMLReporter -->
<testsuite ignored="0" hostname="DESKTOP-F3G8HUD" failures="0" tests="2" name="TC_SearchCustomerByName_005" time="21.777" errors="0" timestamp="2021-03-08T21:06:20 CST">
  <testcase classname="com.nopcommerce.testCases.TC_SearchCustomerByEmail_004" name="searchCustomerbyEmail" time="16.736"/>
  <testcase classname="com.nopcommerce.testCases.TC_SearchCustomerByName_005" name="searchCustomerbyName" time="16.907"/>
</testsuite> <!-- TC_SearchCustomerByName_005 -->
